<?xml version="1.0" encoding="UTF-8"?>
<!-- Generated by org.testng.reporters.JUnitReportReporter -->
<testsuite skipped="2" hostname="MSI" name="com.dadlabs.tests.LandingPageTest" tests="3" failures="0" timestamp="26 May 2023 07:01:43 GMT" time="1.308" errors="0">
  <testcase name="skipGuideInfoOnLandingPageTest" time="1.308" classname="com.dadlabs.tests.LandingPageTest"/>
  <testcase name="swipeGuideInfoTest" classname="com.dadlabs.tests.LandingPageTest">
    <skipped/>
  </testcase> <!-- swipeGuideInfoTest -->
  <testcase name="exploreGuideInfoTest" classname="com.dadlabs.tests.LandingPageTest">
    <skipped/>
  </testcase> <!-- exploreGuideInfoTest -->
</testsuite> <!-- com.dadlabs.tests.LandingPageTest -->
